<?xml version="1.0" encoding="UTF-8"?>
<!-- Generated by org.testng.reporters.JUnitReportReporter -->
<testsuite skipped="0" hostname="DESKTOP-U2B40K2" name="IBM.RestAssured_Assignment.Scenario2_SOAP" tests="1" failures="0" timestamp="31 May 2021 06:38:37 GMT" time="4.487" errors="0">
  <testcase name="soapscenario2" time="4.487" classname="IBM.RestAssured_Assignment.Scenario2_SOAP"/>
</testsuite> <!-- IBM.RestAssured_Assignment.Scenario2_SOAP -->
