<?xml version="1.0" encoding="UTF-8"?>
<!-- Generated by org.testng.reporters.JUnitReportReporter -->
<testsuite skipped="0" hostname="DESKTOP-U2B40K2" name="IBM.RestAssured_Assignment.RestAssuredBody" tests="3" failures="0" timestamp="29 May 2021 14:23:19 GMT" time="8.437" errors="0">
  <testcase name="mydataprovider" time="5.118" classname="IBM.RestAssured_Assignment.RestAssuredBody"/>
  <testcase name="mydataprovider" time="1.646" classname="IBM.RestAssured_Assignment.RestAssuredBody"/>
  <testcase name="mydataprovider" time="1.673" classname="IBM.RestAssured_Assignment.RestAssuredBody"/>
</testsuite> <!-- IBM.RestAssured_Assignment.RestAssuredBody -->
